a:\projects\gradesystem\gradesystem\x64\debug\moc_zhuce.obj
a:\projects\gradesystem\gradesystem\x64\debug\moc_studentmanagement.obj
a:\projects\gradesystem\gradesystem\x64\debug\qrc_resource.obj
a:\projects\gradesystem\gradesystem\x64\debug\zhuce.obj
a:\projects\gradesystem\gradesystem\x64\debug\main.obj
a:\projects\gradesystem\gradesystem\x64\debug\moc_teachermanagement.obj
a:\projects\gradesystem\gradesystem\x64\debug\qrc_gradesystem.obj
a:\projects\gradesystem\gradesystem\x64\debug\teachermanagement.obj
a:\projects\gradesystem\gradesystem\x64\debug\login.obj
a:\projects\gradesystem\gradesystem\x64\debug\studentmanagement.obj
a:\projects\gradesystem\gradesystem\x64\debug\moc_login.obj
a:\projects\gradesystem\gradesystem\x64\debug\vc140.pdb
a:\projects\gradesystem\gradesystem\generatedfiles\ui_login.h
a:\projects\gradesystem\gradesystem\generatedfiles\ui_teachermanagement.h
a:\projects\gradesystem\gradesystem\generatedfiles\ui_studentmanagement.h
a:\projects\gradesystem\gradesystem\generatedfiles\ui_zhuce.h
a:\projects\gradesystem\gradesystem\generatedfiles\qrc_gradesystem.cpp
a:\projects\gradesystem\gradesystem\generatedfiles\qrc_resource.cpp
a:\projects\gradesystem\gradesystem\generatedfiles\debug\moc_zhuce.cpp
a:\projects\gradesystem\gradesystem\generatedfiles\debug\moc_studentmanagement.cpp
a:\projects\gradesystem\gradesystem\generatedfiles\debug\moc_teachermanagement.cpp
a:\projects\gradesystem\gradesystem\generatedfiles\debug\moc_login.cpp
a:\projects\gradesystem\x64\debug\gradesystem.ilk
a:\projects\gradesystem\x64\debug\gradesystem.exe
a:\projects\gradesystem\gradesystem\x64\debug\gradesystem.exe.intermediate.manifest
a:\projects\gradesystem\x64\debug\gradesystem.pdb
a:\projects\gradesystem\gradesystem\.\generatedfiles\debug\moc_zhuce.cpp
a:\projects\gradesystem\gradesystem\.\generatedfiles\debug\moc_studentmanagement.cpp
a:\projects\gradesystem\gradesystem\.\generatedfiles\debug\moc_teachermanagement.cpp
a:\projects\gradesystem\gradesystem\.\generatedfiles\debug\moc_login.cpp
a:\projects\gradesystem\x64\debug\gradesystem.exe.manifest
a:\projects\gradesystem\gradesystem\x64\debug\gradesystem.res
a:\projects\gradesystem\gradesystem\x64\debug\resource.res
a:\projects\gradesystem\gradesystem\.\generatedfiles\qrc_gradesystem.cpp
a:\projects\gradesystem\gradesystem\.\generatedfiles\qrc_resource.cpp
a:\projects\gradesystem\gradesystem\.\generatedfiles\ui_login.h
a:\projects\gradesystem\gradesystem\.\generatedfiles\ui_teachermanagement.h
a:\projects\gradesystem\gradesystem\.\generatedfiles\ui_studentmanagement.h
a:\projects\gradesystem\gradesystem\.\generatedfiles\ui_zhuce.h
a:\projects\gradesystem\gradesystem\x64\debug\gradesystem.tlog\cl.command.1.tlog
a:\projects\gradesystem\gradesystem\x64\debug\gradesystem.tlog\cl.read.1.tlog
a:\projects\gradesystem\gradesystem\x64\debug\gradesystem.tlog\cl.write.1.tlog
a:\projects\gradesystem\gradesystem\x64\debug\gradesystem.tlog\gradesystem.write.1u.tlog
a:\projects\gradesystem\gradesystem\x64\debug\gradesystem.tlog\link.command.1.tlog
a:\projects\gradesystem\gradesystem\x64\debug\gradesystem.tlog\link.read.1.tlog
a:\projects\gradesystem\gradesystem\x64\debug\gradesystem.tlog\link.write.1.tlog
a:\projects\gradesystem\gradesystem\x64\debug\gradesystem.tlog\moc.read.1u.tlog
a:\projects\gradesystem\gradesystem\x64\debug\gradesystem.tlog\moc.write.1u.tlog
a:\projects\gradesystem\gradesystem\x64\debug\gradesystem.tlog\mt.command.1.tlog
a:\projects\gradesystem\gradesystem\x64\debug\gradesystem.tlog\mt.read.1.tlog
a:\projects\gradesystem\gradesystem\x64\debug\gradesystem.tlog\mt.write.1.tlog
a:\projects\gradesystem\gradesystem\x64\debug\gradesystem.tlog\rc.command.1.tlog
a:\projects\gradesystem\gradesystem\x64\debug\gradesystem.tlog\rc.read.1.tlog
a:\projects\gradesystem\gradesystem\x64\debug\gradesystem.tlog\rc.write.1.tlog
a:\projects\gradesystem\gradesystem\x64\debug\gradesystem.tlog\rcc.read.1u.tlog
a:\projects\gradesystem\gradesystem\x64\debug\gradesystem.tlog\rcc.write.1u.tlog
a:\projects\gradesystem\gradesystem\x64\debug\gradesystem.tlog\uic.read.1u.tlog
a:\projects\gradesystem\gradesystem\x64\debug\gradesystem.tlog\uic.write.1u.tlog
